<?xml version="1.0" encoding="UTF-8"?>
<!-- Generated by org.testng.reporters.JUnitXMLReporter -->
<testsuite ignored="0" hostname="pratik-thinkpad-e15-gen-4" failures="0" tests="1" name="Surefire test" time="0.057" errors="0" timestamp="2023-10-26T15:28:12 IST">
  <testcase classname="creditfair_webiste_maven.creditfair_webiste_maven.AppTest" name="shouldAnswerWithTrue on shouldAnswerWithTrue(creditfair_webiste_maven.creditfair_webiste_maven.AppTest)" time="0.008"/>
</testsuite> <!-- Surefire test -->
