<?xml version="1.0" encoding="UTF-8"?>
<testng-results ignored="0" total="1" passed="1" failed="0" skipped="0">
  <reporter-output>
  </reporter-output>
  <suite started-at="2023-10-26T15:28:12 IST" name="Surefire suite" finished-at="2023-10-26T15:28:12 IST" duration-ms="57">
    <groups>
    </groups>
    <test started-at="2023-10-26T15:28:12 IST" name="Surefire test" finished-at="2023-10-26T15:28:12 IST" duration-ms="57">
      <class name="creditfair_webiste_maven.creditfair_webiste_maven.AppTest">
        <test-method signature="shouldAnswerWithTrue()" started-at="2023-10-26T15:28:12 IST" name="shouldAnswerWithTrue" finished-at="2023-10-26T15:28:12 IST" duration-ms="8" status="PASS">
          <reporter-output>
          </reporter-output>
        </test-method> <!-- shouldAnswerWithTrue -->
      </class> <!-- creditfair_webiste_maven.creditfair_webiste_maven.AppTest -->
    </test> <!-- Surefire test -->
  </suite> <!-- Surefire suite -->
</testng-results>
